<?xml version="1.0" encoding="UTF-8"?>
<!-- Generated by org.testng.reporters.JUnitReportReporter -->
<testsuite skipped="2" hostname="LAB00W7FCA-15" name="com.zapprx.testing.end2endtests.regression.PhysicianProfile.ZQ103Test" tests="2" failures="0" timestamp="10 Apr 2017 07:04:24 GMT" time="0.000" errors="0">
  <testcase name="Step02_verifyFaxNoAfterSavingProfile" time="0.000" classname="com.zapprx.testing.end2endtests.regression.PhysicianProfile.ZQ103Test">
    <skipped/>
  </testcase> <!-- Step02_verifyFaxNoAfterSavingProfile -->
  <testcase name="Step01_addNewDoctorWithFaxNo" time="0.000" classname="com.zapprx.testing.end2endtests.regression.PhysicianProfile.ZQ103Test">
    <skipped/>
  </testcase> <!-- Step01_addNewDoctorWithFaxNo -->
</testsuite> <!-- com.zapprx.testing.end2endtests.regression.PhysicianProfile.ZQ103Test -->
