<?xml version="1.0" encoding="UTF-8"?>
<!-- Generated by org.testng.reporters.JUnitReportReporter -->
<testsuite skipped="3" hostname="LAB00W7FCA-15" name="com.zapprx.testing.end2endtests.regression.PatientPortal.ZQ56Test" tests="3" failures="0" timestamp="10 Apr 2017 07:04:24 GMT" time="0.000" errors="0">
  <testcase name="Step03_patientVerifyNotificationIsDisplayed" time="0.000" classname="com.zapprx.testing.end2endtests.regression.PatientPortal.ZQ56Test">
    <skipped/>
  </testcase> <!-- Step03_patientVerifyNotificationIsDisplayed -->
  <testcase name="Step02_prescribePatientAndLogOut" time="0.000" classname="com.zapprx.testing.end2endtests.regression.PatientPortal.ZQ56Test">
    <skipped/>
  </testcase> <!-- Step02_prescribePatientAndLogOut -->
  <testcase name="Step01_registerPatientAndCompleteProfile" time="0.000" classname="com.zapprx.testing.end2endtests.regression.PatientPortal.ZQ56Test">
    <skipped/>
  </testcase> <!-- Step01_registerPatientAndCompleteProfile -->
</testsuite> <!-- com.zapprx.testing.end2endtests.regression.PatientPortal.ZQ56Test -->
