<?xml version="1.0" encoding="UTF-8"?>
<!-- Generated by org.testng.reporters.JUnitReportReporter -->
<testsuite skipped="3" hostname="LAB00W7FCA-15" name="com.zapprx.testing.end2endtests.regression.PrescriptionFlow.RA.ZQ200Test" tests="3" failures="0" timestamp="10 Apr 2017 07:04:25 GMT" time="0.000" errors="0">
  <testcase name="Step01_registerPatientAndCompleteProfile" time="0.000" classname="com.zapprx.testing.end2endtests.regression.PrescriptionFlow.RA.ZQ200Test">
    <skipped/>
  </testcase> <!-- Step01_registerPatientAndCompleteProfile -->
  <testcase name="Step03_verifyUpdatedRefillValue" time="0.000" classname="com.zapprx.testing.end2endtests.regression.PrescriptionFlow.RA.ZQ200Test">
    <skipped/>
  </testcase> <!-- Step03_verifyUpdatedRefillValue -->
  <testcase name="Step02_prescribeMedication_editRefillValue" time="0.000" classname="com.zapprx.testing.end2endtests.regression.PrescriptionFlow.RA.ZQ200Test">
    <skipped/>
  </testcase> <!-- Step02_prescribeMedication_editRefillValue -->
</testsuite> <!-- com.zapprx.testing.end2endtests.regression.PrescriptionFlow.RA.ZQ200Test -->
