<?xml version="1.0" encoding="UTF-8"?>
<!-- Generated by org.testng.reporters.JUnitReportReporter -->
<testsuite skipped="3" hostname="LAB00W7FCA-15" name="com.zapprx.testing.end2endtests.functional.physician.PhysicianLoginTest" tests="3" failures="0" timestamp="10 Apr 2017 07:32:15 GMT" time="0.001" errors="0">
  <testcase name="Step02_User_Is_On_HomePage" time="0.000" classname="com.zapprx.testing.end2endtests.functional.physician.PhysicianLoginTest">
    <skipped/>
  </testcase> <!-- Step02_User_Is_On_HomePage -->
  <testcase name="Step03_User_LogOut" time="0.000" classname="com.zapprx.testing.end2endtests.functional.physician.PhysicianLoginTest">
    <skipped/>
  </testcase> <!-- Step03_User_LogOut -->
  <testcase name="Step01_Login_As_Physician" time="0.001" classname="com.zapprx.testing.end2endtests.functional.physician.PhysicianLoginTest">
    <skipped/>
  </testcase> <!-- Step01_Login_As_Physician -->
</testsuite> <!-- com.zapprx.testing.end2endtests.functional.physician.PhysicianLoginTest -->
