<?xml version="1.0" encoding="UTF-8"?>
<!-- Generated by org.testng.reporters.JUnitReportReporter -->
<testsuite skipped="2" hostname="LAB00W7FCA-15" name="com.zapprx.testing.end2endtests.regression.PhysicianProfile.ZQ83Test" tests="2" failures="0" timestamp="10 Apr 2017 07:04:24 GMT" time="0.000" errors="0">
  <testcase name="Step02_verifyAddedDoctorIsAbleToLogin" time="0.000" classname="com.zapprx.testing.end2endtests.regression.PhysicianProfile.ZQ83Test">
    <skipped/>
  </testcase> <!-- Step02_verifyAddedDoctorIsAbleToLogin -->
  <testcase name="Step01_addNewDoctorUnderPracProfile" time="0.000" classname="com.zapprx.testing.end2endtests.regression.PhysicianProfile.ZQ83Test">
    <skipped/>
  </testcase> <!-- Step01_addNewDoctorUnderPracProfile -->
</testsuite> <!-- com.zapprx.testing.end2endtests.regression.PhysicianProfile.ZQ83Test -->
