<?xml version="1.0" encoding="UTF-8"?>
<!-- Generated by org.testng.reporters.JUnitReportReporter -->
<testsuite skipped="3" hostname="LAB00W7FCA-15" name="com.zapprx.testing.end2endtests.functional.patient.PatientLoginTest" tests="3" failures="0" timestamp="10 Apr 2017 07:32:15 GMT" time="0.000" errors="0">
  <testcase name="Step01_Login_As_Patient" time="0.000" classname="com.zapprx.testing.end2endtests.functional.patient.PatientLoginTest">
    <skipped/>
  </testcase> <!-- Step01_Login_As_Patient -->
  <testcase name="Step02_User_Is_On_HomePage" time="0.000" classname="com.zapprx.testing.end2endtests.functional.patient.PatientLoginTest">
    <skipped/>
  </testcase> <!-- Step02_User_Is_On_HomePage -->
  <testcase name="Step3_User_LogOut" time="0.000" classname="com.zapprx.testing.end2endtests.functional.patient.PatientLoginTest">
    <skipped/>
  </testcase> <!-- Step3_User_LogOut -->
</testsuite> <!-- com.zapprx.testing.end2endtests.functional.patient.PatientLoginTest -->
