<?xml version="1.0" encoding="UTF-8"?>
<!-- Generated by org.testng.reporters.JUnitReportReporter -->
<testsuite skipped="4" hostname="LAB00W7FCA-15" name="com.zapprx.testing.end2endtests.regression.DashboardTabs.ZQ8Test" tests="4" failures="0" timestamp="10 Apr 2017 07:04:25 GMT" time="0.000" errors="0">
  <testcase name="Step02_prescribePatientAndLogOut" time="0.000" classname="com.zapprx.testing.end2endtests.regression.DashboardTabs.ZQ8Test">
    <skipped/>
  </testcase> <!-- Step02_prescribePatientAndLogOut -->
  <testcase name="Step04_verifyNotification" time="0.000" classname="com.zapprx.testing.end2endtests.regression.DashboardTabs.ZQ8Test">
    <skipped/>
  </testcase> <!-- Step04_verifyNotification -->
  <testcase name="Step03_patientSignHealthShare" time="0.000" classname="com.zapprx.testing.end2endtests.regression.DashboardTabs.ZQ8Test">
    <skipped/>
  </testcase> <!-- Step03_patientSignHealthShare -->
  <testcase name="Step01_registerPatientAndCompleteProfile" time="0.000" classname="com.zapprx.testing.end2endtests.regression.DashboardTabs.ZQ8Test">
    <skipped/>
  </testcase> <!-- Step01_registerPatientAndCompleteProfile -->
</testsuite> <!-- com.zapprx.testing.end2endtests.regression.DashboardTabs.ZQ8Test -->
