<?xml version="1.0" encoding="UTF-8"?>
<!-- Generated by org.testng.reporters.JUnitReportReporter -->
<testsuite skipped="7" hostname="LAB00W7FCA-15" name="com.zapprx.testing.end2endtests.regression.PARx.ZQ311Test" tests="7" failures="0" timestamp="10 Apr 2017 07:04:24 GMT" time="0.000" errors="0">
  <testcase name="Step07_loginZappRxPharmacyAndFulfillBothPrescription" time="0.000" classname="com.zapprx.testing.end2endtests.regression.PARx.ZQ311Test">
    <skipped/>
  </testcase> <!-- Step07_loginZappRxPharmacyAndFulfillBothPrescription -->
  <testcase name="Step04_prescribePatientFlolanAndSubmitPAToPARx" time="0.000" classname="com.zapprx.testing.end2endtests.regression.PARx.ZQ311Test">
    <skipped/>
  </testcase> <!-- Step04_prescribePatientFlolanAndSubmitPAToPARx -->
  <testcase name="Step02_createRegisteredNurseAndAssignSignatory" time="0.000" classname="com.zapprx.testing.end2endtests.regression.PARx.ZQ311Test">
    <skipped/>
  </testcase> <!-- Step02_createRegisteredNurseAndAssignSignatory -->
  <testcase name="Step03_loginAsNurseAndregisterPatient" time="0.000" classname="com.zapprx.testing.end2endtests.regression.PARx.ZQ311Test">
    <skipped/>
  </testcase> <!-- Step03_loginAsNurseAndregisterPatient -->
  <testcase name="Step01_loginAdminSelectManualWorkflowMode" time="0.000" classname="com.zapprx.testing.end2endtests.regression.PARx.ZQ311Test">
    <skipped/>
  </testcase> <!-- Step01_loginAdminSelectManualWorkflowMode -->
  <testcase name="Step05_prescribePatientEpoprostenolAndSubmitPAToPARx" time="0.000" classname="com.zapprx.testing.end2endtests.regression.PARx.ZQ311Test">
    <skipped/>
  </testcase> <!-- Step05_prescribePatientEpoprostenolAndSubmitPAToPARx -->
  <testcase name="Step06_onPharmacyPortalUpdateBothPAToApproved" time="0.000" classname="com.zapprx.testing.end2endtests.regression.PARx.ZQ311Test">
    <skipped/>
  </testcase> <!-- Step06_onPharmacyPortalUpdateBothPAToApproved -->
</testsuite> <!-- com.zapprx.testing.end2endtests.regression.PARx.ZQ311Test -->
