<?xml version="1.0" encoding="UTF-8"?>
<!-- Generated by org.testng.reporters.JUnitReportReporter -->
<testsuite skipped="3" hostname="LAB00W7FCA-15" name="com.zapprx.testing.end2endtests.regression.PrescriptionFlow.PAH.ZQ149Test" tests="3" failures="0" timestamp="10 Apr 2017 07:04:24 GMT" time="0.000" errors="0">
  <testcase name="Step02_prescribePatientAndEditDosageFields" time="0.000" classname="com.zapprx.testing.end2endtests.regression.PrescriptionFlow.PAH.ZQ149Test">
    <skipped/>
  </testcase> <!-- Step02_prescribePatientAndEditDosageFields -->
  <testcase name="Step03_verifyDosageDetails" time="0.000" classname="com.zapprx.testing.end2endtests.regression.PrescriptionFlow.PAH.ZQ149Test">
    <skipped/>
  </testcase> <!-- Step03_verifyDosageDetails -->
  <testcase name="Step01_loginPhysicianToRegisterPatient" time="0.000" classname="com.zapprx.testing.end2endtests.regression.PrescriptionFlow.PAH.ZQ149Test">
    <skipped/>
  </testcase> <!-- Step01_loginPhysicianToRegisterPatient -->
</testsuite> <!-- com.zapprx.testing.end2endtests.regression.PrescriptionFlow.PAH.ZQ149Test -->
