<?xml version="1.0" encoding="UTF-8"?>
<!-- Generated by org.testng.reporters.JUnitReportReporter -->
<testsuite skipped="2" hostname="LAB00W7FCA-15" name="com.zapprx.testing.end2endtests.functional.physician.DoctorUpdatePatientTest" tests="2" failures="0" timestamp="10 Apr 2017 07:32:15 GMT" time="0.000" errors="0">
  <testcase name="Step01_registerPatientAndCompleteProfile" time="0.000" classname="com.zapprx.testing.end2endtests.functional.physician.DoctorUpdatePatientTest">
    <skipped/>
  </testcase> <!-- Step01_registerPatientAndCompleteProfile -->
  <testcase name="Step02_searchPatientToUpdateAddressAndVerify" time="0.000" classname="com.zapprx.testing.end2endtests.functional.physician.DoctorUpdatePatientTest">
    <skipped/>
  </testcase> <!-- Step02_searchPatientToUpdateAddressAndVerify -->
</testsuite> <!-- com.zapprx.testing.end2endtests.functional.physician.DoctorUpdatePatientTest -->
