<?xml version="1.0" encoding="UTF-8"?>
<!-- Generated by org.testng.reporters.JUnitReportReporter -->
<testsuite skipped="5" hostname="LAB00W7FCA-15" name="com.zapprx.testing.end2endtests.regression.PrescriptionFlow.PAH.ZQ314Test" tests="5" failures="0" timestamp="10 Apr 2017 07:04:24 GMT" time="0.000" errors="0">
  <testcase name="Step05_loginAsNewDocPrescribePatAndVerifyMasterDoctorSig" time="0.000" classname="com.zapprx.testing.end2endtests.regression.PrescriptionFlow.PAH.ZQ314Test">
    <skipped/>
  </testcase> <!-- Step05_loginAsNewDocPrescribePatAndVerifyMasterDoctorSig -->
  <testcase name="Step03_prescribePatientAndVerifyMasterDoctorSig" time="0.000" classname="com.zapprx.testing.end2endtests.regression.PrescriptionFlow.PAH.ZQ314Test">
    <skipped/>
  </testcase> <!-- Step03_prescribePatientAndVerifyMasterDoctorSig -->
  <testcase name="Step02_loginAsNurseAndregisterPatient" time="0.000" classname="com.zapprx.testing.end2endtests.regression.PrescriptionFlow.PAH.ZQ314Test">
    <skipped/>
  </testcase> <!-- Step02_loginAsNurseAndregisterPatient -->
  <testcase name="Step04_createDoctorAndAssignSignatory" time="0.000" classname="com.zapprx.testing.end2endtests.regression.PrescriptionFlow.PAH.ZQ314Test">
    <skipped/>
  </testcase> <!-- Step04_createDoctorAndAssignSignatory -->
  <testcase name="Step01_createRegisteredNurseAndAssignSignatory" time="0.000" classname="com.zapprx.testing.end2endtests.regression.PrescriptionFlow.PAH.ZQ314Test">
    <skipped/>
  </testcase> <!-- Step01_createRegisteredNurseAndAssignSignatory -->
</testsuite> <!-- com.zapprx.testing.end2endtests.regression.PrescriptionFlow.PAH.ZQ314Test -->
