<?xml version="1.0" encoding="UTF-8"?>
<!-- Generated by org.testng.reporters.JUnitReportReporter -->
<testsuite skipped="3" hostname="LAB00W7FCA-15" name="com.zapprx.testing.end2endtests.regression.PrescriptionFlow.PAH.ZQ328Test" tests="3" failures="0" timestamp="10 Apr 2017 07:04:24 GMT" time="0.000" errors="0">
  <testcase name="Step02_prescribePatientAndVerifyHeightWeightFields" time="0.000" classname="com.zapprx.testing.end2endtests.regression.PrescriptionFlow.PAH.ZQ328Test">
    <skipped/>
  </testcase> <!-- Step02_prescribePatientAndVerifyHeightWeightFields -->
  <testcase name="Step03_viewPatientProfileAndVerifyHeightWeightFields" time="0.000" classname="com.zapprx.testing.end2endtests.regression.PrescriptionFlow.PAH.ZQ328Test">
    <skipped/>
  </testcase> <!-- Step03_viewPatientProfileAndVerifyHeightWeightFields -->
  <testcase name="Step01_registerPatientAndVerifyHeightWeightFields" time="0.000" classname="com.zapprx.testing.end2endtests.regression.PrescriptionFlow.PAH.ZQ328Test">
    <skipped/>
  </testcase> <!-- Step01_registerPatientAndVerifyHeightWeightFields -->
</testsuite> <!-- com.zapprx.testing.end2endtests.regression.PrescriptionFlow.PAH.ZQ328Test -->
