<?xml version="1.0" encoding="UTF-8"?>
<!-- Generated by org.testng.reporters.JUnitReportReporter -->
<testsuite skipped="4" hostname="LAB00W7FCA-15" name="com.zapprx.testing.end2endtests.regression.PrescriptionFlow.MultipleIndication.ZQ276Test" tests="4" failures="0" timestamp="10 Apr 2017 07:04:24 GMT" time="0.000" errors="0">
  <testcase name="Step02_prescribePatientPAHMedAuthorizeAndLogout" time="0.000" classname="com.zapprx.testing.end2endtests.regression.PrescriptionFlow.MultipleIndication.ZQ276Test">
    <skipped/>
  </testcase> <!-- Step02_prescribePatientPAHMedAuthorizeAndLogout -->
  <testcase name="Step03_loginMSPhysicianAndRegisterPatient" time="0.000" classname="com.zapprx.testing.end2endtests.regression.PrescriptionFlow.MultipleIndication.ZQ276Test">
    <skipped/>
  </testcase> <!-- Step03_loginMSPhysicianAndRegisterPatient -->
  <testcase name="Step04_capturePatConPresPatMSMedAndAuthorize" time="0.000" classname="com.zapprx.testing.end2endtests.regression.PrescriptionFlow.MultipleIndication.ZQ276Test">
    <skipped/>
  </testcase> <!-- Step04_capturePatConPresPatMSMedAndAuthorize -->
  <testcase name="Step01_loginLindsayAndRegisterPatient" time="0.000" classname="com.zapprx.testing.end2endtests.regression.PrescriptionFlow.MultipleIndication.ZQ276Test">
    <skipped/>
  </testcase> <!-- Step01_loginLindsayAndRegisterPatient -->
</testsuite> <!-- com.zapprx.testing.end2endtests.regression.PrescriptionFlow.MultipleIndication.ZQ276Test -->
