<?xml version="1.0" encoding="UTF-8"?>
<!-- Generated by org.testng.reporters.JUnitReportReporter -->
<testsuite skipped="4" hostname="LAB00W7FCA-15" name="com.zapprx.testing.end2endtests.regression.PrescriptionFlow.PAH.ZQ183Test" tests="4" failures="0" timestamp="10 Apr 2017 07:04:24 GMT" time="0.000" errors="0">
  <testcase name="Step02_loginPatientAndModifyInPatient" time="0.000" classname="com.zapprx.testing.end2endtests.regression.PrescriptionFlow.PAH.ZQ183Test">
    <skipped/>
  </testcase> <!-- Step02_loginPatientAndModifyInPatient -->
  <testcase name="Step03_physicianPrescibeMedAndAuthorize" time="0.000" classname="com.zapprx.testing.end2endtests.regression.PrescriptionFlow.PAH.ZQ183Test">
    <skipped/>
  </testcase> <!-- Step03_physicianPrescibeMedAndAuthorize -->
  <testcase name="Step04_loginPatientVerifyInPatientValue" time="0.000" classname="com.zapprx.testing.end2endtests.regression.PrescriptionFlow.PAH.ZQ183Test">
    <skipped/>
  </testcase> <!-- Step04_loginPatientVerifyInPatientValue -->
  <testcase name="Step01_registerPatientAndCompleteProfile" time="0.000" classname="com.zapprx.testing.end2endtests.regression.PrescriptionFlow.PAH.ZQ183Test">
    <skipped/>
  </testcase> <!-- Step01_registerPatientAndCompleteProfile -->
</testsuite> <!-- com.zapprx.testing.end2endtests.regression.PrescriptionFlow.PAH.ZQ183Test -->
