<?xml version="1.0" encoding="UTF-8"?>
<!-- Generated by org.testng.reporters.JUnitReportReporter -->
<testsuite skipped="6" hostname="LAB00W7FCA-15" name="com.zapprx.testing.end2endtests.regression.PARx.ZQ282Test" tests="6" failures="0" timestamp="10 Apr 2017 07:04:24 GMT" time="0.000" errors="0">
  <testcase name="Step03_completeRxAndSubmitPriorAuthorization" time="0.000" classname="com.zapprx.testing.end2endtests.regression.PARx.ZQ282Test">
    <skipped/>
  </testcase> <!-- Step03_completeRxAndSubmitPriorAuthorization -->
  <testcase name="Step01_loginAdminSelectManualWorkflowMode" time="0.000" classname="com.zapprx.testing.end2endtests.regression.PARx.ZQ282Test">
    <skipped/>
  </testcase> <!-- Step01_loginAdminSelectManualWorkflowMode -->
  <testcase name="Step02_registerPatientAndCompleteProfile" time="0.000" classname="com.zapprx.testing.end2endtests.regression.PARx.ZQ282Test">
    <skipped/>
  </testcase> <!-- Step02_registerPatientAndCompleteProfile -->
  <testcase name="Step06_onPharmacyPortalVerifyPAForm" time="0.000" classname="com.zapprx.testing.end2endtests.regression.PARx.ZQ282Test">
    <skipped/>
  </testcase> <!-- Step06_onPharmacyPortalVerifyPAForm -->
  <testcase name="Step05_loginPhysicianAndReSubmitPA" time="0.000" classname="com.zapprx.testing.end2endtests.regression.PARx.ZQ282Test">
    <skipped/>
  </testcase> <!-- Step05_loginPhysicianAndReSubmitPA -->
  <testcase name="Step04_onPharmacyPortalVerifyPAFormAndReqMoreInfo" time="0.000" classname="com.zapprx.testing.end2endtests.regression.PARx.ZQ282Test">
    <skipped/>
  </testcase> <!-- Step04_onPharmacyPortalVerifyPAFormAndReqMoreInfo -->
</testsuite> <!-- com.zapprx.testing.end2endtests.regression.PARx.ZQ282Test -->
