<?xml version="1.0" encoding="UTF-8"?>
<!-- Generated by org.testng.reporters.JUnitReportReporter -->
<testsuite skipped="6" hostname="LAB00W7FCA-15" name="com.zapprx.testing.end2endtests.regression.PARx.ZQ283Test" tests="6" failures="0" timestamp="10 Apr 2017 07:04:24 GMT" time="0.001" errors="0">
  <testcase name="Step03_completeRxAndSubmitPAToPARx" time="0.000" classname="com.zapprx.testing.end2endtests.regression.PARx.ZQ283Test">
    <skipped/>
  </testcase> <!-- Step03_completeRxAndSubmitPAToPARx -->
  <testcase name="Step04_onPharmacyPortalUpdatePAStatusToDenied" time="0.000" classname="com.zapprx.testing.end2endtests.regression.PARx.ZQ283Test">
    <skipped/>
  </testcase> <!-- Step04_onPharmacyPortalUpdatePAStatusToDenied -->
  <testcase name="Step02_loginPhysicianRegPatAndCompleteProfile" time="0.001" classname="com.zapprx.testing.end2endtests.regression.PARx.ZQ283Test">
    <skipped/>
  </testcase> <!-- Step02_loginPhysicianRegPatAndCompleteProfile -->
  <testcase name="Step01_loginAdminSelectManualWorkflowMode" time="0.000" classname="com.zapprx.testing.end2endtests.regression.PARx.ZQ283Test">
    <skipped/>
  </testcase> <!-- Step01_loginAdminSelectManualWorkflowMode -->
  <testcase name="Step06_onPharmacyPortalVerifyPAAppealNotificationMsg" time="0.000" classname="com.zapprx.testing.end2endtests.regression.PARx.ZQ283Test">
    <skipped/>
  </testcase> <!-- Step06_onPharmacyPortalVerifyPAAppealNotificationMsg -->
  <testcase name="Step05_loginPhysicianAppealPAAndReSubmitPA" time="0.000" classname="com.zapprx.testing.end2endtests.regression.PARx.ZQ283Test">
    <skipped/>
  </testcase> <!-- Step05_loginPhysicianAppealPAAndReSubmitPA -->
</testsuite> <!-- com.zapprx.testing.end2endtests.regression.PARx.ZQ283Test -->
