<?xml version="1.0" encoding="UTF-8"?>
<!-- Generated by org.testng.reporters.JUnitReportReporter -->
<testsuite skipped="5" hostname="LAB00W7FCA-15" name="com.zapprx.testing.end2endtests.regression.PARx.RX2212Test" tests="5" failures="0" timestamp="10 Apr 2017 07:04:24 GMT" time="0.000" errors="0">
  <testcase name="Step05_saveDraftOfPresAndVerifyPhysicianIsNotAbleToCreatePA" time="0.000" classname="com.zapprx.testing.end2endtests.regression.PARx.RX2212Test">
    <skipped/>
  </testcase> <!-- Step05_saveDraftOfPresAndVerifyPhysicianIsNotAbleToCreatePA -->
  <testcase name="Step04_loginAsPhysicianAndRegisterPatient" time="0.000" classname="com.zapprx.testing.end2endtests.regression.PARx.RX2212Test">
    <skipped/>
  </testcase> <!-- Step04_loginAsPhysicianAndRegisterPatient -->
  <testcase name="Step03_saveDraftOfPresAndVerifyNurseIsNotAbleToCreatePA" time="0.000" classname="com.zapprx.testing.end2endtests.regression.PARx.RX2212Test">
    <skipped/>
  </testcase> <!-- Step03_saveDraftOfPresAndVerifyNurseIsNotAbleToCreatePA -->
  <testcase name="Step02_loginAsNurseAndregisterPatient" time="0.000" classname="com.zapprx.testing.end2endtests.regression.PARx.RX2212Test">
    <skipped/>
  </testcase> <!-- Step02_loginAsNurseAndregisterPatient -->
  <testcase name="Step01_createNursePractioner" time="0.000" classname="com.zapprx.testing.end2endtests.regression.PARx.RX2212Test">
    <skipped/>
  </testcase> <!-- Step01_createNursePractioner -->
</testsuite> <!-- com.zapprx.testing.end2endtests.regression.PARx.RX2212Test -->
