<?xml version="1.0" encoding="UTF-8"?>
<!-- Generated by org.testng.reporters.JUnitReportReporter -->
<testsuite skipped="5" hostname="LAB00W7FCA-15" name="com.zapprx.testing.end2endtests.regression.PARx.ZQ250Test" tests="5" failures="0" timestamp="10 Apr 2017 07:04:24 GMT" time="0.000" errors="0">
  <testcase name="Step04_againPrescribePatAndAuthorize" time="0.000" classname="com.zapprx.testing.end2endtests.regression.PARx.ZQ250Test">
    <skipped/>
  </testcase> <!-- Step04_againPrescribePatAndAuthorize -->
  <testcase name="Step03_prescribePatientAndAuthorize" time="0.000" classname="com.zapprx.testing.end2endtests.regression.PARx.ZQ250Test">
    <skipped/>
  </testcase> <!-- Step03_prescribePatientAndAuthorize -->
  <testcase name="Step05_verifyPriorMedicationOnPAFormAndOnPatProfile" time="0.000" classname="com.zapprx.testing.end2endtests.regression.PARx.ZQ250Test">
    <skipped/>
  </testcase> <!-- Step05_verifyPriorMedicationOnPAFormAndOnPatProfile -->
  <testcase name="Step01_loginAdminSelectManualWorkflowMode" time="0.000" classname="com.zapprx.testing.end2endtests.regression.PARx.ZQ250Test">
    <skipped/>
  </testcase> <!-- Step01_loginAdminSelectManualWorkflowMode -->
  <testcase name="Step02_registerPatientAndCompleteProfile" time="0.000" classname="com.zapprx.testing.end2endtests.regression.PARx.ZQ250Test">
    <skipped/>
  </testcase> <!-- Step02_registerPatientAndCompleteProfile -->
</testsuite> <!-- com.zapprx.testing.end2endtests.regression.PARx.ZQ250Test -->
