<?xml version="1.0" encoding="UTF-8"?>
<!-- Generated by org.testng.reporters.JUnitReportReporter -->
<testsuite skipped="7" hostname="LAB00W7FCA-15" name="com.zapprx.testing.end2endtests.regression.PARx.ZQ292Test" tests="7" failures="0" timestamp="10 Apr 2017 07:04:24 GMT" time="0.000" errors="0">
  <testcase name="Step03_completeRxAnswerMedQuesOnPAAndSubmitPA" time="0.000" classname="com.zapprx.testing.end2endtests.regression.PARx.ZQ292Test">
    <skipped/>
  </testcase> <!-- Step03_completeRxAnswerMedQuesOnPAAndSubmitPA -->
  <testcase name="Step04_verifyAnswersOfMedQuesOnPAForm" time="0.000" classname="com.zapprx.testing.end2endtests.regression.PARx.ZQ292Test">
    <skipped/>
  </testcase> <!-- Step04_verifyAnswersOfMedQuesOnPAForm -->
  <testcase name="Step05_againPrescribePatAnswerMedQuesOnPAAndSubmitPA" time="0.000" classname="com.zapprx.testing.end2endtests.regression.PARx.ZQ292Test">
    <skipped/>
  </testcase> <!-- Step05_againPrescribePatAnswerMedQuesOnPAAndSubmitPA -->
  <testcase name="Step07_switchToAdminSelectZappRxPAWorkflowMode" time="0.000" classname="com.zapprx.testing.end2endtests.regression.PARx.ZQ292Test">
    <skipped/>
  </testcase> <!-- Step07_switchToAdminSelectZappRxPAWorkflowMode -->
  <testcase name="Step02_loginPhysicianRegisterPatAndCompleteProfile" time="0.000" classname="com.zapprx.testing.end2endtests.regression.PARx.ZQ292Test">
    <skipped/>
  </testcase> <!-- Step02_loginPhysicianRegisterPatAndCompleteProfile -->
  <testcase name="Step01_loginAdminSelectManualPAWorkflowMode" time="0.000" classname="com.zapprx.testing.end2endtests.regression.PARx.ZQ292Test">
    <skipped/>
  </testcase> <!-- Step01_loginAdminSelectManualPAWorkflowMode -->
  <testcase name="Step06_verifyAnswersOfMedQuesOnPAForm" time="0.000" classname="com.zapprx.testing.end2endtests.regression.PARx.ZQ292Test">
    <skipped/>
  </testcase> <!-- Step06_verifyAnswersOfMedQuesOnPAForm -->
</testsuite> <!-- com.zapprx.testing.end2endtests.regression.PARx.ZQ292Test -->
