<?xml version="1.0" encoding="UTF-8"?>
<!-- Generated by org.testng.reporters.JUnitReportReporter -->
<testsuite skipped="5" hostname="LAB00W7FCA-15" name="com.zapprx.testing.end2endtests.regression.PARx.ZQ308Test" tests="5" failures="0" timestamp="10 Apr 2017 07:04:24 GMT" time="0.000" errors="0">
  <testcase name="Step03_completeRxSubmitPAToPARx" time="0.000" classname="com.zapprx.testing.end2endtests.regression.PARx.ZQ308Test">
    <skipped/>
  </testcase> <!-- Step03_completeRxSubmitPAToPARx -->
  <testcase name="Step02_loginPhysicianRegPatAndCompleteProfile" time="0.000" classname="com.zapprx.testing.end2endtests.regression.PARx.ZQ308Test">
    <skipped/>
  </testcase> <!-- Step02_loginPhysicianRegPatAndCompleteProfile -->
  <testcase name="Step04_onPharmacyPortalVerifyCancelMoreInfoReqForSubmittedToPARx" time="0.000" classname="com.zapprx.testing.end2endtests.regression.PARx.ZQ308Test">
    <skipped/>
  </testcase> <!-- Step04_onPharmacyPortalVerifyCancelMoreInfoReqForSubmittedToPARx -->
  <testcase name="Step01_loginAdminSelectManualWorkflowMode" time="0.000" classname="com.zapprx.testing.end2endtests.regression.PARx.ZQ308Test">
    <skipped/>
  </testcase> <!-- Step01_loginAdminSelectManualWorkflowMode -->
  <testcase name="Step05_onPharmacyPortalVerifyCancelMoreInfoReqForSubmittedToPayer" time="0.000" classname="com.zapprx.testing.end2endtests.regression.PARx.ZQ308Test">
    <skipped/>
  </testcase> <!-- Step05_onPharmacyPortalVerifyCancelMoreInfoReqForSubmittedToPayer -->
</testsuite> <!-- com.zapprx.testing.end2endtests.regression.PARx.ZQ308Test -->
