<?xml version="1.0" encoding="UTF-8"?>
<!-- Generated by org.testng.reporters.JUnitReportReporter -->
<testsuite skipped="6" hostname="LAB00W7FCA-15" name="com.zapprx.testing.end2endtests.regression.PARx.ZQ329Test" tests="6" failures="0" timestamp="10 Apr 2017 07:04:25 GMT" time="0.000" errors="0">
  <testcase name="Step04_onPharmacyPortalVerifyPAIsSentToPARx" time="0.000" classname="com.zapprx.testing.end2endtests.regression.PARx.ZQ329Test">
    <skipped/>
  </testcase> <!-- Step04_onPharmacyPortalVerifyPAIsSentToPARx -->
  <testcase name="Step01_loginAdminSelectManualWorkflowMode" time="0.000" classname="com.zapprx.testing.end2endtests.regression.PARx.ZQ329Test">
    <skipped/>
  </testcase> <!-- Step01_loginAdminSelectManualWorkflowMode -->
  <testcase name="Step03_completeRxAndSubmitPAToPARx" time="0.000" classname="com.zapprx.testing.end2endtests.regression.PARx.ZQ329Test">
    <skipped/>
  </testcase> <!-- Step03_completeRxAndSubmitPAToPARx -->
  <testcase name="Step02_registerPatientAndCompleteProfile" time="0.000" classname="com.zapprx.testing.end2endtests.regression.PARx.ZQ329Test">
    <skipped/>
  </testcase> <!-- Step02_registerPatientAndCompleteProfile -->
  <testcase name="Step06_onPharmacyPortalVerifyCancelNotfctn" time="0.000" classname="com.zapprx.testing.end2endtests.regression.PARx.ZQ329Test">
    <skipped/>
  </testcase> <!-- Step06_onPharmacyPortalVerifyCancelNotfctn -->
  <testcase name="Step05_loginPhysicianCancelPresAndVerifyStatus" time="0.000" classname="com.zapprx.testing.end2endtests.regression.PARx.ZQ329Test">
    <skipped/>
  </testcase> <!-- Step05_loginPhysicianCancelPresAndVerifyStatus -->
</testsuite> <!-- com.zapprx.testing.end2endtests.regression.PARx.ZQ329Test -->
