<?xml version="1.0" encoding="UTF-8"?>
<!-- Generated by org.testng.reporters.JUnitReportReporter -->
<testsuite skipped="5" hostname="LAB00W7FCA-15" name="com.zapprx.testing.end2endtests.regression.PatientConsent.ZQ134Test" tests="5" failures="0" timestamp="10 Apr 2017 07:04:24 GMT" time="0.000" errors="0">
  <testcase name="Step02_presWithSamePhysicianAndSaveAsDraft" time="0.000" classname="com.zapprx.testing.end2endtests.regression.PatientConsent.ZQ134Test">
    <skipped/>
  </testcase> <!-- Step02_presWithSamePhysicianAndSaveAsDraft -->
  <testcase name="Step01_registerPatientAndCompleteProfile" time="0.000" classname="com.zapprx.testing.end2endtests.regression.PatientConsent.ZQ134Test">
    <skipped/>
  </testcase> <!-- Step01_registerPatientAndCompleteProfile -->
  <testcase name="Step03_verifyPatientConsentAndAuthorize" time="0.000" classname="com.zapprx.testing.end2endtests.regression.PatientConsent.ZQ134Test">
    <skipped/>
  </testcase> <!-- Step03_verifyPatientConsentAndAuthorize -->
  <testcase name="Step04_presWithDiffPhysicianAndSaveAsDraft" time="0.000" classname="com.zapprx.testing.end2endtests.regression.PatientConsent.ZQ134Test">
    <skipped/>
  </testcase> <!-- Step04_presWithDiffPhysicianAndSaveAsDraft -->
  <testcase name="Step05_verifyStatusAndCapturePatientConsent" time="0.000" classname="com.zapprx.testing.end2endtests.regression.PatientConsent.ZQ134Test">
    <skipped/>
  </testcase> <!-- Step05_verifyStatusAndCapturePatientConsent -->
</testsuite> <!-- com.zapprx.testing.end2endtests.regression.PatientConsent.ZQ134Test -->
