<?xml version="1.0" encoding="UTF-8"?>
<!-- Generated by org.testng.reporters.JUnitReportReporter -->
<testsuite skipped="4" hostname="LAB00W7FCA-15" name="com.zapprx.testing.end2endtests.regression.PARx.ZQ301Test" tests="4" failures="0" timestamp="10 Apr 2017 07:04:25 GMT" time="0.000" errors="0">
  <testcase name="Step02_loginPhysicianRegPatAndCompleteProfile" time="0.000" classname="com.zapprx.testing.end2endtests.regression.PARx.ZQ301Test">
    <skipped/>
  </testcase> <!-- Step02_loginPhysicianRegPatAndCompleteProfile -->
  <testcase name="Step01_loginAdminSelectManualWorkflowMode" time="0.000" classname="com.zapprx.testing.end2endtests.regression.PARx.ZQ301Test">
    <skipped/>
  </testcase> <!-- Step01_loginAdminSelectManualWorkflowMode -->
  <testcase name="Step04_verifyDiagnosisDetailsOnPAForm" time="0.000" classname="com.zapprx.testing.end2endtests.regression.PARx.ZQ301Test">
    <skipped/>
  </testcase> <!-- Step04_verifyDiagnosisDetailsOnPAForm -->
  <testcase name="Step03_prescribePatientAndAuthorize" time="0.000" classname="com.zapprx.testing.end2endtests.regression.PARx.ZQ301Test">
    <skipped/>
  </testcase> <!-- Step03_prescribePatientAndAuthorize -->
</testsuite> <!-- com.zapprx.testing.end2endtests.regression.PARx.ZQ301Test -->
