<?xml version="1.0" encoding="UTF-8"?>
<!-- Generated by org.testng.reporters.JUnitReportReporter -->
<testsuite skipped="8" hostname="LAB00W7FCA-15" name="com.zapprx.testing.end2endtests.regression.PARx.ZQ313Test" tests="8" failures="0" timestamp="10 Apr 2017 07:04:24 GMT" time="0.000" errors="0">
  <testcase name="Step07_loginPharmacyAndUpdateStatusToDenied" time="0.000" classname="com.zapprx.testing.end2endtests.regression.PARx.ZQ313Test">
    <skipped/>
  </testcase> <!-- Step07_loginPharmacyAndUpdateStatusToDenied -->
  <testcase name="Step03_completeRxVerifySigNotReqToSavePA" time="0.000" classname="com.zapprx.testing.end2endtests.regression.PARx.ZQ313Test">
    <skipped/>
  </testcase> <!-- Step03_completeRxVerifySigNotReqToSavePA -->
  <testcase name="Step01_loginAdminSelectManualWorkflowMode" time="0.000" classname="com.zapprx.testing.end2endtests.regression.PARx.ZQ313Test">
    <skipped/>
  </testcase> <!-- Step01_loginAdminSelectManualWorkflowMode -->
  <testcase name="Step08_loginPhysicianVerifySigReqToReSubmitPAUnderAppeal" time="0.000" classname="com.zapprx.testing.end2endtests.regression.PARx.ZQ313Test">
    <skipped/>
  </testcase> <!-- Step08_loginPhysicianVerifySigReqToReSubmitPAUnderAppeal -->
  <testcase name="Step06_loginPhysicianVerifySigReqToReSubmitPAUnderMoreInfoReq" time="0.000" classname="com.zapprx.testing.end2endtests.regression.PARx.ZQ313Test">
    <skipped/>
  </testcase> <!-- Step06_loginPhysicianVerifySigReqToReSubmitPAUnderMoreInfoReq -->
  <testcase name="Step05_switchPharmacyPortalReqMoreInfo" time="0.000" classname="com.zapprx.testing.end2endtests.regression.PARx.ZQ313Test">
    <skipped/>
  </testcase> <!-- Step05_switchPharmacyPortalReqMoreInfo -->
  <testcase name="Step02_loginPhysicianRegPatAndCompleteProfile" time="0.000" classname="com.zapprx.testing.end2endtests.regression.PARx.ZQ313Test">
    <skipped/>
  </testcase> <!-- Step02_loginPhysicianRegPatAndCompleteProfile -->
  <testcase name="Step04_verifySigReqToSubmitPA" time="0.000" classname="com.zapprx.testing.end2endtests.regression.PARx.ZQ313Test">
    <skipped/>
  </testcase> <!-- Step04_verifySigReqToSubmitPA -->
</testsuite> <!-- com.zapprx.testing.end2endtests.regression.PARx.ZQ313Test -->
