<?xml version="1.0" encoding="UTF-8"?>
<!-- Generated by org.testng.reporters.JUnitReportReporter -->
<testsuite skipped="6" hostname="LAB00W7FCA-15" name="com.zapprx.testing.end2endtests.regression.PrescriptionFlow.PAH.ZQ309Test" tests="6" failures="0" timestamp="10 Apr 2017 07:04:24 GMT" time="0.000" errors="0">
  <testcase name="Step04_patientSignHealthShareAndLogOut" time="0.000" classname="com.zapprx.testing.end2endtests.regression.PrescriptionFlow.PAH.ZQ309Test">
    <skipped/>
  </testcase> <!-- Step04_patientSignHealthShareAndLogOut -->
  <testcase name="Step01_loginPhysicianVerifyNotificationLogOut" time="0.000" classname="com.zapprx.testing.end2endtests.regression.PrescriptionFlow.PAH.ZQ309Test">
    <skipped/>
  </testcase> <!-- Step01_loginPhysicianVerifyNotificationLogOut -->
  <testcase name="Step03_prescribePatientAndLogOut" time="0.000" classname="com.zapprx.testing.end2endtests.regression.PrescriptionFlow.PAH.ZQ309Test">
    <skipped/>
  </testcase> <!-- Step03_prescribePatientAndLogOut -->
  <testcase name="Step02_registerPatientAndCompleteProfile" time="0.000" classname="com.zapprx.testing.end2endtests.regression.PrescriptionFlow.PAH.ZQ309Test">
    <skipped/>
  </testcase> <!-- Step02_registerPatientAndCompleteProfile -->
  <testcase name="Step05_loginPhysicianAndVerifyNotification" time="0.000" classname="com.zapprx.testing.end2endtests.regression.PrescriptionFlow.PAH.ZQ309Test">
    <skipped/>
  </testcase> <!-- Step05_loginPhysicianAndVerifyNotification -->
  <testcase name="Step06_loginAnotherPhysicianAndVerifyNotification" time="0.000" classname="com.zapprx.testing.end2endtests.regression.PrescriptionFlow.PAH.ZQ309Test">
    <skipped/>
  </testcase> <!-- Step06_loginAnotherPhysicianAndVerifyNotification -->
</testsuite> <!-- com.zapprx.testing.end2endtests.regression.PrescriptionFlow.PAH.ZQ309Test -->
