<?xml version="1.0" encoding="UTF-8"?>
<!-- Generated by org.testng.reporters.JUnitReportReporter -->
<testsuite skipped="11" hostname="LAB00W7FCA-15" name="com.zapprx.testing.end2endtests.regression.PARx.ZQ310Test" tests="11" failures="0" timestamp="10 Apr 2017 07:04:24 GMT" time="0.000" errors="0">
  <testcase name="Step06_loginPharmacyRequestMoreInfoAndVerify" time="0.000" classname="com.zapprx.testing.end2endtests.regression.PARx.ZQ310Test">
    <skipped/>
  </testcase> <!-- Step06_loginPharmacyRequestMoreInfoAndVerify -->
  <testcase name="Step08_loginPharmacyUpdateStatusToDeniedAndVerify" time="0.000" classname="com.zapprx.testing.end2endtests.regression.PARx.ZQ310Test">
    <skipped/>
  </testcase> <!-- Step08_loginPharmacyUpdateStatusToDeniedAndVerify -->
  <testcase name="Step02_loginPhysicianRegPatAndCompleteProfile" time="0.000" classname="com.zapprx.testing.end2endtests.regression.PARx.ZQ310Test">
    <skipped/>
  </testcase> <!-- Step02_loginPhysicianRegPatAndCompleteProfile -->
  <testcase name="Step03_completeRxSubmitPAToPARxVerifyPAStatus" time="0.000" classname="com.zapprx.testing.end2endtests.regression.PARx.ZQ310Test">
    <skipped/>
  </testcase> <!-- Step03_completeRxSubmitPAToPARxVerifyPAStatus -->
  <testcase name="Step05_loginPhysicianVerifySubmittedToPayerStatus" time="0.000" classname="com.zapprx.testing.end2endtests.regression.PARx.ZQ310Test">
    <skipped/>
  </testcase> <!-- Step05_loginPhysicianVerifySubmittedToPayerStatus -->
  <testcase name="Step07_loginPhysicianReSubmitPAToPARxAndVerifyStatus" time="0.000" classname="com.zapprx.testing.end2endtests.regression.PARx.ZQ310Test">
    <skipped/>
  </testcase> <!-- Step07_loginPhysicianReSubmitPAToPARxAndVerifyStatus -->
  <testcase name="Step04_loginPharmacyUpdateSubmittedToPayerAndVerify" time="0.000" classname="com.zapprx.testing.end2endtests.regression.PARx.ZQ310Test">
    <skipped/>
  </testcase> <!-- Step04_loginPharmacyUpdateSubmittedToPayerAndVerify -->
  <testcase name="Step09_loginPhysicianAppealPAReSubmitPAToPARxAndVerify" time="0.000" classname="com.zapprx.testing.end2endtests.regression.PARx.ZQ310Test">
    <skipped/>
  </testcase> <!-- Step09_loginPhysicianAppealPAReSubmitPAToPARxAndVerify -->
  <testcase name="Step11_loginPhysicianVerifyRequestMoreInfoStatus" time="0.000" classname="com.zapprx.testing.end2endtests.regression.PARx.ZQ310Test">
    <skipped/>
  </testcase> <!-- Step11_loginPhysicianVerifyRequestMoreInfoStatus -->
  <testcase name="Step01_loginAdminSelectManualWorkflowMode" time="0.000" classname="com.zapprx.testing.end2endtests.regression.PARx.ZQ310Test">
    <skipped/>
  </testcase> <!-- Step01_loginAdminSelectManualWorkflowMode -->
  <testcase name="Step10_loginPharmacyRequestMoreInfoAndVerify" time="0.000" classname="com.zapprx.testing.end2endtests.regression.PARx.ZQ310Test">
    <skipped/>
  </testcase> <!-- Step10_loginPharmacyRequestMoreInfoAndVerify -->
</testsuite> <!-- com.zapprx.testing.end2endtests.regression.PARx.ZQ310Test -->
