<?xml version="1.0" encoding="UTF-8"?>
<!-- Generated by org.testng.reporters.JUnitReportReporter -->
<testsuite skipped="3" hostname="LAB00W7FCA-15" name="com.zapprx.testing.end2endtests.regression.PARx.ZQ297Test" tests="3" failures="0" timestamp="10 Apr 2017 07:04:25 GMT" time="0.000" errors="0">
  <testcase name="Step03_prescribePatientAndVerifyEDSSScoreOnPAForm" time="0.000" classname="com.zapprx.testing.end2endtests.regression.PARx.ZQ297Test">
    <skipped/>
  </testcase> <!-- Step03_prescribePatientAndVerifyEDSSScoreOnPAForm -->
  <testcase name="Step02_loginPhysicianRegPatEnteringEDSSScore" time="0.000" classname="com.zapprx.testing.end2endtests.regression.PARx.ZQ297Test">
    <skipped/>
  </testcase> <!-- Step02_loginPhysicianRegPatEnteringEDSSScore -->
  <testcase name="Step01_loginAdminSelectManualWorkflowMode" time="0.000" classname="com.zapprx.testing.end2endtests.regression.PARx.ZQ297Test">
    <skipped/>
  </testcase> <!-- Step01_loginAdminSelectManualWorkflowMode -->
</testsuite> <!-- com.zapprx.testing.end2endtests.regression.PARx.ZQ297Test -->
