<?xml version="1.0" encoding="UTF-8"?>
<!-- Generated by org.testng.reporters.JUnitReportReporter -->
<testsuite skipped="2" hostname="LAB00W7FCA-15" name="com.zapprx.testing.end2endtests.regression.Registration.ZQ280Test" tests="2" failures="0" timestamp="10 Apr 2017 07:04:24 GMT" time="0.000" errors="0">
  <testcase name="Step01_loginPhysicianAndRegisterPatient" time="0.000" classname="com.zapprx.testing.end2endtests.regression.Registration.ZQ280Test">
    <skipped/>
  </testcase> <!-- Step01_loginPhysicianAndRegisterPatient -->
  <testcase name="Step02_verifyContactNameOnGeneralPage" time="0.000" classname="com.zapprx.testing.end2endtests.regression.Registration.ZQ280Test">
    <skipped/>
  </testcase> <!-- Step02_verifyContactNameOnGeneralPage -->
</testsuite> <!-- com.zapprx.testing.end2endtests.regression.Registration.ZQ280Test -->
