<?xml version="1.0" encoding="UTF-8"?>
<!-- Generated by org.testng.reporters.JUnitReportReporter -->
<testsuite skipped="4" hostname="LAB00W7FCA-15" name="com.zapprx.testing.end2endtests.regression.PARx.ZQ324Test" tests="4" failures="0" timestamp="10 Apr 2017 07:04:24 GMT" time="0.000" errors="0">
  <testcase name="Step04_verifyQuantityAppearingOnceOnPA" time="0.000" classname="com.zapprx.testing.end2endtests.regression.PARx.ZQ324Test">
    <skipped/>
  </testcase> <!-- Step04_verifyQuantityAppearingOnceOnPA -->
  <testcase name="Step02_registerPatientAndCompleteProfile" time="0.000" classname="com.zapprx.testing.end2endtests.regression.PARx.ZQ324Test">
    <skipped/>
  </testcase> <!-- Step02_registerPatientAndCompleteProfile -->
  <testcase name="Step01_loginAdminSelectManualWorkflowMode" time="0.000" classname="com.zapprx.testing.end2endtests.regression.PARx.ZQ324Test">
    <skipped/>
  </testcase> <!-- Step01_loginAdminSelectManualWorkflowMode -->
  <testcase name="Step03_prescribeAndCheckTitOrderMainOrderStartNow" time="0.000" classname="com.zapprx.testing.end2endtests.regression.PARx.ZQ324Test">
    <skipped/>
  </testcase> <!-- Step03_prescribeAndCheckTitOrderMainOrderStartNow -->
</testsuite> <!-- com.zapprx.testing.end2endtests.regression.PARx.ZQ324Test -->
