<?xml version="1.0" encoding="UTF-8"?>
<!-- Generated by org.testng.reporters.JUnitReportReporter -->
<testsuite skipped="2" hostname="LAB00W7FCA-15" name="com.zapprx.testing.end2endtests.regression.Admin.ZQ208Test" tests="2" failures="0" timestamp="10 Apr 2017 07:04:24 GMT" time="0.000" errors="0">
  <testcase name="Step02_verifyAddedUserIsAbleToLogin" time="0.000" classname="com.zapprx.testing.end2endtests.regression.Admin.ZQ208Test">
    <skipped/>
  </testcase> <!-- Step02_verifyAddedUserIsAbleToLogin -->
  <testcase name="Step01_loginAdminAndAddNewDoctor" time="0.000" classname="com.zapprx.testing.end2endtests.regression.Admin.ZQ208Test">
    <skipped/>
  </testcase> <!-- Step01_loginAdminAndAddNewDoctor -->
</testsuite> <!-- com.zapprx.testing.end2endtests.regression.Admin.ZQ208Test -->
