<?xml version="1.0" encoding="UTF-8"?>
<!-- Generated by org.testng.reporters.JUnitReportReporter -->
<testsuite skipped="3" hostname="LAB00W7FCA-15" name="com.zapprx.testing.end2endtests.regression.PrescriptionFlow.PAH.ZQ170Test" tests="3" failures="0" timestamp="10 Apr 2017 07:04:24 GMT" time="0.001" errors="0">
  <testcase name="Step03_verifyRxIsNotSubWithoutDateForMAS" time="0.000" classname="com.zapprx.testing.end2endtests.regression.PrescriptionFlow.PAH.ZQ170Test">
    <skipped/>
  </testcase> <!-- Step03_verifyRxIsNotSubWithoutDateForMAS -->
  <testcase name="Step02_prescribePatient" time="0.000" classname="com.zapprx.testing.end2endtests.regression.PrescriptionFlow.PAH.ZQ170Test">
    <skipped/>
  </testcase> <!-- Step02_prescribePatient -->
  <testcase name="Step01_registerPatientAndCompleteProfile" time="0.001" classname="com.zapprx.testing.end2endtests.regression.PrescriptionFlow.PAH.ZQ170Test">
    <skipped/>
  </testcase> <!-- Step01_registerPatientAndCompleteProfile -->
</testsuite> <!-- com.zapprx.testing.end2endtests.regression.PrescriptionFlow.PAH.ZQ170Test -->
