<?xml version="1.0" encoding="UTF-8"?>
<!-- Generated by org.testng.reporters.JUnitReportReporter -->
<testsuite skipped="1" hostname="LAB00W7FCA-15" name="com.zapprx.testing.end2endtests.regression.DashboardTabs.ZQ41Test" tests="1" failures="0" timestamp="10 Apr 2017 07:04:24 GMT" time="0.000" errors="0">
  <testcase name="Step01_loginPhysicianAndVerifySettings" time="0.000" classname="com.zapprx.testing.end2endtests.regression.DashboardTabs.ZQ41Test">
    <skipped/>
  </testcase> <!-- Step01_loginPhysicianAndVerifySettings -->
</testsuite> <!-- com.zapprx.testing.end2endtests.regression.DashboardTabs.ZQ41Test -->
