<?xml version="1.0" encoding="UTF-8"?>
<!-- Generated by org.testng.reporters.JUnitReportReporter -->
<testsuite skipped="4" hostname="LAB00W7FCA-15" name="com.zapprx.testing.end2endtests.regression.Admin.ZQ326Test" tests="4" failures="0" timestamp="10 Apr 2017 07:04:24 GMT" time="0.000" errors="0">
  <testcase name="Step04_verifyHeaderForEditUserForPharmacy" time="0.000" classname="com.zapprx.testing.end2endtests.regression.Admin.ZQ326Test">
    <skipped/>
  </testcase> <!-- Step04_verifyHeaderForEditUserForPharmacy -->
  <testcase name="Step01_verifyHeaderAndAddNewUserInPractice" time="0.000" classname="com.zapprx.testing.end2endtests.regression.Admin.ZQ326Test">
    <skipped/>
  </testcase> <!-- Step01_verifyHeaderAndAddNewUserInPractice -->
  <testcase name="Step03_verifyHeaderAndAddNewUserInPharmacy" time="0.000" classname="com.zapprx.testing.end2endtests.regression.Admin.ZQ326Test">
    <skipped/>
  </testcase> <!-- Step03_verifyHeaderAndAddNewUserInPharmacy -->
  <testcase name="Step02_verifyHeaderForEditUserForPractice" time="0.000" classname="com.zapprx.testing.end2endtests.regression.Admin.ZQ326Test">
    <skipped/>
  </testcase> <!-- Step02_verifyHeaderForEditUserForPractice -->
</testsuite> <!-- com.zapprx.testing.end2endtests.regression.Admin.ZQ326Test -->
