<?xml version="1.0" encoding="UTF-8"?>
<!-- Generated by org.testng.reporters.JUnitReportReporter -->
<testsuite skipped="4" hostname="LAB00W7FCA-15" name="com.zapprx.testing.end2endtests.regression.PrescriptionFlow.PAH.ZQ193Test" tests="4" failures="0" timestamp="10 Apr 2017 07:04:24 GMT" time="0.000" errors="0">
  <testcase name="Step04_verifyDateForSentToPharmacy" time="0.000" classname="com.zapprx.testing.end2endtests.regression.PrescriptionFlow.PAH.ZQ193Test">
    <skipped/>
  </testcase> <!-- Step04_verifyDateForSentToPharmacy -->
  <testcase name="Step02_prescribePatient" time="0.000" classname="com.zapprx.testing.end2endtests.regression.PrescriptionFlow.PAH.ZQ193Test">
    <skipped/>
  </testcase> <!-- Step02_prescribePatient -->
  <testcase name="Step03_selectDateAndMarkAsSent" time="0.000" classname="com.zapprx.testing.end2endtests.regression.PrescriptionFlow.PAH.ZQ193Test">
    <skipped/>
  </testcase> <!-- Step03_selectDateAndMarkAsSent -->
  <testcase name="Step01_loginPhysicianToRegisterPatient" time="0.000" classname="com.zapprx.testing.end2endtests.regression.PrescriptionFlow.PAH.ZQ193Test">
    <skipped/>
  </testcase> <!-- Step01_loginPhysicianToRegisterPatient -->
</testsuite> <!-- com.zapprx.testing.end2endtests.regression.PrescriptionFlow.PAH.ZQ193Test -->
