<?xml version="1.0" encoding="UTF-8"?>
<!-- Generated by org.testng.reporters.JUnitReportReporter -->
<testsuite skipped="6" hostname="LAB00W7FCA-15" name="com.zapprx.testing.end2endtests.regression.PARx.ZQ306Test" tests="6" failures="0" timestamp="10 Apr 2017 07:04:24 GMT" time="0.000" errors="0">
  <testcase name="Step02_loginPhysicianRegPatAndCompleteProfile" time="0.000" classname="com.zapprx.testing.end2endtests.regression.PARx.ZQ306Test">
    <skipped/>
  </testcase> <!-- Step02_loginPhysicianRegPatAndCompleteProfile -->
  <testcase name="Step05_verifySavedRightHeartCatheterizationFields" time="0.000" classname="com.zapprx.testing.end2endtests.regression.PARx.ZQ306Test">
    <skipped/>
  </testcase> <!-- Step05_verifySavedRightHeartCatheterizationFields -->
  <testcase name="Step06_loginAdminSelectZapprxWorkflowMode" time="0.000" classname="com.zapprx.testing.end2endtests.regression.PARx.ZQ306Test">
    <skipped/>
  </testcase> <!-- Step06_loginAdminSelectZapprxWorkflowMode -->
  <testcase name="Step04_enterValuesInRightHeartCatheterizationFields" time="0.000" classname="com.zapprx.testing.end2endtests.regression.PARx.ZQ306Test">
    <skipped/>
  </testcase> <!-- Step04_enterValuesInRightHeartCatheterizationFields -->
  <testcase name="Step03_completeRxSubmitPAToPARxAndVerifyMarkPAUrgent" time="0.000" classname="com.zapprx.testing.end2endtests.regression.PARx.ZQ306Test">
    <skipped/>
  </testcase> <!-- Step03_completeRxSubmitPAToPARxAndVerifyMarkPAUrgent -->
  <testcase name="Step01_loginAdminSelectManualWorkflowMode" time="0.000" classname="com.zapprx.testing.end2endtests.regression.PARx.ZQ306Test">
    <skipped/>
  </testcase> <!-- Step01_loginAdminSelectManualWorkflowMode -->
</testsuite> <!-- com.zapprx.testing.end2endtests.regression.PARx.ZQ306Test -->
