<?xml version="1.0" encoding="UTF-8"?>
<!-- Generated by org.testng.reporters.JUnitReportReporter -->
<testsuite skipped="5" hostname="LAB00W7FCA-15" name="com.zapprx.testing.end2endtests.regression.PrescriptionFlow.PAH.ZQ234Test" tests="5" failures="0" timestamp="10 Apr 2017 07:04:24 GMT" time="0.000" errors="0">
  <testcase name="Step05_completeRxCapturingPatientConsentAtAuthorizeStep" time="0.000" classname="com.zapprx.testing.end2endtests.regression.PrescriptionFlow.PAH.ZQ234Test">
    <skipped/>
  </testcase> <!-- Step05_completeRxCapturingPatientConsentAtAuthorizeStep -->
  <testcase name="Step02_completeRxCapturingPatientConsentAtPatientStep" time="0.000" classname="com.zapprx.testing.end2endtests.regression.PrescriptionFlow.PAH.ZQ234Test">
    <skipped/>
  </testcase> <!-- Step02_completeRxCapturingPatientConsentAtPatientStep -->
  <testcase name="Step04_completeRxCapturingPatientConsentAtDosageStep" time="0.000" classname="com.zapprx.testing.end2endtests.regression.PrescriptionFlow.PAH.ZQ234Test">
    <skipped/>
  </testcase> <!-- Step04_completeRxCapturingPatientConsentAtDosageStep -->
  <testcase name="Step01_loginPhysician" time="0.000" classname="com.zapprx.testing.end2endtests.regression.PrescriptionFlow.PAH.ZQ234Test">
    <skipped/>
  </testcase> <!-- Step01_loginPhysician -->
  <testcase name="Step03_completeRxCapturingPatientConsentAtDiagnosisStep" time="0.000" classname="com.zapprx.testing.end2endtests.regression.PrescriptionFlow.PAH.ZQ234Test">
    <skipped/>
  </testcase> <!-- Step03_completeRxCapturingPatientConsentAtDiagnosisStep -->
</testsuite> <!-- com.zapprx.testing.end2endtests.regression.PrescriptionFlow.PAH.ZQ234Test -->
