<?xml version="1.0" encoding="UTF-8"?>
<!-- Generated by org.testng.reporters.JUnitReportReporter -->
<testsuite skipped="13" hostname="LAB00W7FCA-15" name="com.zapprx.testing.end2endtests.regression.PrescriptionFlow.PAH.ZQ112Test" tests="13" failures="0" timestamp="10 Apr 2017 07:04:25 GMT" time="0.000" errors="0">
  <testcase name="Step03_loginPhysicianAndAuthorize_Tracleer" time="0.000" classname="com.zapprx.testing.end2endtests.regression.PrescriptionFlow.PAH.ZQ112Test">
    <skipped/>
  </testcase> <!-- Step03_loginPhysicianAndAuthorize_Tracleer -->
  <testcase name="Step05_prescribeMedication_Opsumit" time="0.000" classname="com.zapprx.testing.end2endtests.regression.PrescriptionFlow.PAH.ZQ112Test">
    <skipped/>
  </testcase> <!-- Step05_prescribeMedication_Opsumit -->
  <testcase name="Step12_loginPhysicianAndAuthorize_Adempas" time="0.000" classname="com.zapprx.testing.end2endtests.regression.PrescriptionFlow.PAH.ZQ112Test">
    <skipped/>
  </testcase> <!-- Step12_loginPhysicianAndAuthorize_Adempas -->
  <testcase name="Step02_prescribeMedication_Tracleer" time="0.000" classname="com.zapprx.testing.end2endtests.regression.PrescriptionFlow.PAH.ZQ112Test">
    <skipped/>
  </testcase> <!-- Step02_prescribeMedication_Tracleer -->
  <testcase name="Step11_prescribeMedication_Adempas" time="0.000" classname="com.zapprx.testing.end2endtests.regression.PrescriptionFlow.PAH.ZQ112Test">
    <skipped/>
  </testcase> <!-- Step11_prescribeMedication_Adempas -->
  <testcase name="Step06_loginPhysicianAndAuthorize_Opsumit" time="0.000" classname="com.zapprx.testing.end2endtests.regression.PrescriptionFlow.PAH.ZQ112Test">
    <skipped/>
  </testcase> <!-- Step06_loginPhysicianAndAuthorize_Opsumit -->
  <testcase name="Step07_loginPatientAndSignHealthShare_Opsumit" time="0.000" classname="com.zapprx.testing.end2endtests.regression.PrescriptionFlow.PAH.ZQ112Test">
    <skipped/>
  </testcase> <!-- Step07_loginPatientAndSignHealthShare_Opsumit -->
  <testcase name="Step09_loginPhysicianAndAuthorize_Letairis" time="0.000" classname="com.zapprx.testing.end2endtests.regression.PrescriptionFlow.PAH.ZQ112Test">
    <skipped/>
  </testcase> <!-- Step09_loginPhysicianAndAuthorize_Letairis -->
  <testcase name="Step01_registerPatientAndCompleteProfile" time="0.000" classname="com.zapprx.testing.end2endtests.regression.PrescriptionFlow.PAH.ZQ112Test">
    <skipped/>
  </testcase> <!-- Step01_registerPatientAndCompleteProfile -->
  <testcase name="Step13_loginPatientAndSignHealthShare_Adempas" time="0.000" classname="com.zapprx.testing.end2endtests.regression.PrescriptionFlow.PAH.ZQ112Test">
    <skipped/>
  </testcase> <!-- Step13_loginPatientAndSignHealthShare_Adempas -->
  <testcase name="Step04_loginPatientAndSignHealthShare_Tracleer" time="0.000" classname="com.zapprx.testing.end2endtests.regression.PrescriptionFlow.PAH.ZQ112Test">
    <skipped/>
  </testcase> <!-- Step04_loginPatientAndSignHealthShare_Tracleer -->
  <testcase name="Step08_prescribeMedication_Letairis" time="0.000" classname="com.zapprx.testing.end2endtests.regression.PrescriptionFlow.PAH.ZQ112Test">
    <skipped/>
  </testcase> <!-- Step08_prescribeMedication_Letairis -->
  <testcase name="Step10_loginPatientAndSignHealthShare_Letairis" time="0.000" classname="com.zapprx.testing.end2endtests.regression.PrescriptionFlow.PAH.ZQ112Test">
    <skipped/>
  </testcase> <!-- Step10_loginPatientAndSignHealthShare_Letairis -->
</testsuite> <!-- com.zapprx.testing.end2endtests.regression.PrescriptionFlow.PAH.ZQ112Test -->
