<?xml version="1.0" encoding="UTF-8"?>
<!-- Generated by org.testng.reporters.JUnitReportReporter -->
<testsuite skipped="4" hostname="LAB00W7FCA-15" name="com.zapprx.testing.end2endtests.regression.PrescriptionFlow.MultipleIndication.ZQ256Test" tests="4" failures="0" timestamp="10 Apr 2017 07:04:24 GMT" time="0.000" errors="0">
  <testcase name="Step01_loginWithMSPhysicianAndRegisterPat" time="0.000" classname="com.zapprx.testing.end2endtests.regression.PrescriptionFlow.MultipleIndication.ZQ256Test">
    <skipped/>
  </testcase> <!-- Step01_loginWithMSPhysicianAndRegisterPat -->
  <testcase name="Step04_completeRxForAdempasCapturingPatConAtPatientDetailsStep" time="0.000" classname="com.zapprx.testing.end2endtests.regression.PrescriptionFlow.MultipleIndication.ZQ256Test">
    <skipped/>
  </testcase> <!-- Step04_completeRxForAdempasCapturingPatConAtPatientDetailsStep -->
  <testcase name="Step03_loginWithPAHPhysicianAndRegisterFemalePat" time="0.000" classname="com.zapprx.testing.end2endtests.regression.PrescriptionFlow.MultipleIndication.ZQ256Test">
    <skipped/>
  </testcase> <!-- Step03_loginWithPAHPhysicianAndRegisterFemalePat -->
  <testcase name="Step02_completeRxForTechfideraCapturingPatConAtPatientDetailsStep" time="0.000" classname="com.zapprx.testing.end2endtests.regression.PrescriptionFlow.MultipleIndication.ZQ256Test">
    <skipped/>
  </testcase> <!-- Step02_completeRxForTechfideraCapturingPatConAtPatientDetailsStep -->
</testsuite> <!-- com.zapprx.testing.end2endtests.regression.PrescriptionFlow.MultipleIndication.ZQ256Test -->
