<?xml version="1.0" encoding="UTF-8"?>
<!-- Generated by org.testng.reporters.JUnitReportReporter -->
<testsuite skipped="6" hostname="LAB00W7FCA-15" name="com.zapprx.testing.end2endtests.regression.PARx.ZQ252Test" tests="6" failures="0" timestamp="10 Apr 2017 07:04:24 GMT" time="0.000" errors="0">
  <testcase name="Step01_loginAdminSelectManualWorkflowMode" time="0.000" classname="com.zapprx.testing.end2endtests.regression.PARx.ZQ252Test">
    <skipped/>
  </testcase> <!-- Step01_loginAdminSelectManualWorkflowMode -->
  <testcase name="Step04_onPharmacyPortalVerifyPADocUploadForMoreInfoRequest" time="0.000" classname="com.zapprx.testing.end2endtests.regression.PARx.ZQ252Test">
    <skipped/>
  </testcase> <!-- Step04_onPharmacyPortalVerifyPADocUploadForMoreInfoRequest -->
  <testcase name="Step02_loginPhysicianRegPatAndCompleteProfile" time="0.000" classname="com.zapprx.testing.end2endtests.regression.PARx.ZQ252Test">
    <skipped/>
  </testcase> <!-- Step02_loginPhysicianRegPatAndCompleteProfile -->
  <testcase name="Step03_completeRxAndVerifyPADocumentUpload" time="0.000" classname="com.zapprx.testing.end2endtests.regression.PARx.ZQ252Test">
    <skipped/>
  </testcase> <!-- Step03_completeRxAndVerifyPADocumentUpload -->
  <testcase name="Step05_loginPhysicianAndSubmitPA" time="0.000" classname="com.zapprx.testing.end2endtests.regression.PARx.ZQ252Test">
    <skipped/>
  </testcase> <!-- Step05_loginPhysicianAndSubmitPA -->
  <testcase name="Step06_onPharmacyPortalVerifyPADocumentUplaodForApprovedPA" time="0.000" classname="com.zapprx.testing.end2endtests.regression.PARx.ZQ252Test">
    <skipped/>
  </testcase> <!-- Step06_onPharmacyPortalVerifyPADocumentUplaodForApprovedPA -->
</testsuite> <!-- com.zapprx.testing.end2endtests.regression.PARx.ZQ252Test -->
