<?xml version="1.0" encoding="UTF-8"?>
<!-- Generated by org.testng.reporters.JUnitReportReporter -->
<testsuite skipped="6" hostname="LAB00W7FCA-15" name="com.zapprx.testing.end2endtests.regression.PrescriptionFlow.PAH.ZQ120Test" tests="6" failures="0" timestamp="10 Apr 2017 07:04:24 GMT" time="0.000" errors="0">
  <testcase name="Step02_loginNewlyCreatedDoctorAndRegisterPatient" time="0.000" classname="com.zapprx.testing.end2endtests.regression.PrescriptionFlow.PAH.ZQ120Test">
    <skipped/>
  </testcase> <!-- Step02_loginNewlyCreatedDoctorAndRegisterPatient -->
  <testcase name="Step04_loginAssignedPhysicianAndAuthorize" time="0.000" classname="com.zapprx.testing.end2endtests.regression.PrescriptionFlow.PAH.ZQ120Test">
    <skipped/>
  </testcase> <!-- Step04_loginAssignedPhysicianAndAuthorize -->
  <testcase name="Step05_patientVerifyAndSignHealthShare" time="0.000" classname="com.zapprx.testing.end2endtests.regression.PrescriptionFlow.PAH.ZQ120Test">
    <skipped/>
  </testcase> <!-- Step05_patientVerifyAndSignHealthShare -->
  <testcase name="Step03_prescribeMedicationAndAssignPhysician" time="0.000" classname="com.zapprx.testing.end2endtests.regression.PrescriptionFlow.PAH.ZQ120Test">
    <skipped/>
  </testcase> <!-- Step03_prescribeMedicationAndAssignPhysician -->
  <testcase name="Step01_physicianLoginToAddNewDoctor" time="0.000" classname="com.zapprx.testing.end2endtests.regression.PrescriptionFlow.PAH.ZQ120Test">
    <skipped/>
  </testcase> <!-- Step01_physicianLoginToAddNewDoctor -->
  <testcase name="Step06_physicianVerifyRxStatusAndComplete" time="0.000" classname="com.zapprx.testing.end2endtests.regression.PrescriptionFlow.PAH.ZQ120Test">
    <skipped/>
  </testcase> <!-- Step06_physicianVerifyRxStatusAndComplete -->
</testsuite> <!-- com.zapprx.testing.end2endtests.regression.PrescriptionFlow.PAH.ZQ120Test -->
