<?xml version="1.0" encoding="UTF-8"?>
<!-- Generated by org.testng.reporters.JUnitReportReporter -->
<testsuite skipped="7" hostname="LAB00W7FCA-15" name="com.zapprx.testing.end2endtests.regression.PARx.ZQ302Test" tests="7" failures="0" timestamp="10 Apr 2017 07:04:24 GMT" time="0.000" errors="0">
  <testcase name="Step06_onPharmacyPortalVerifyAlertIconAndMarkPAUrgentText" time="0.000" classname="com.zapprx.testing.end2endtests.regression.PARx.ZQ302Test">
    <skipped/>
  </testcase> <!-- Step06_onPharmacyPortalVerifyAlertIconAndMarkPAUrgentText -->
  <testcase name="Step07_loginAdminSelectZapprxWorkflowMode" time="0.000" classname="com.zapprx.testing.end2endtests.regression.PARx.ZQ302Test">
    <skipped/>
  </testcase> <!-- Step07_loginAdminSelectZapprxWorkflowMode -->
  <testcase name="Step04_onPharmacyPortalVerifyMarkPAUrgentAndReqMoreInfo" time="0.000" classname="com.zapprx.testing.end2endtests.regression.PARx.ZQ302Test">
    <skipped/>
  </testcase> <!-- Step04_onPharmacyPortalVerifyMarkPAUrgentAndReqMoreInfo -->
  <testcase name="Step01_loginAdminSelectManualWorkflowMode" time="0.000" classname="com.zapprx.testing.end2endtests.regression.PARx.ZQ302Test">
    <skipped/>
  </testcase> <!-- Step01_loginAdminSelectManualWorkflowMode -->
  <testcase name="Step05_onPhysicianPortalMarkPAUrgentAndResubmitPA" time="0.000" classname="com.zapprx.testing.end2endtests.regression.PARx.ZQ302Test">
    <skipped/>
  </testcase> <!-- Step05_onPhysicianPortalMarkPAUrgentAndResubmitPA -->
  <testcase name="Step02_loginPhysicianRegPatAndCompleteProfile" time="0.000" classname="com.zapprx.testing.end2endtests.regression.PARx.ZQ302Test">
    <skipped/>
  </testcase> <!-- Step02_loginPhysicianRegPatAndCompleteProfile -->
  <testcase name="Step03_completeRxSubmitPAToPARxAndVerifyMarkPAUrgent" time="0.000" classname="com.zapprx.testing.end2endtests.regression.PARx.ZQ302Test">
    <skipped/>
  </testcase> <!-- Step03_completeRxSubmitPAToPARxAndVerifyMarkPAUrgent -->
</testsuite> <!-- com.zapprx.testing.end2endtests.regression.PARx.ZQ302Test -->
