<?xml version="1.0" encoding="UTF-8"?>
<!-- Generated by org.testng.reporters.JUnitReportReporter -->
<testsuite skipped="8" hostname="LAB00W7FCA-15" name="com.zapprx.testing.end2endtests.regression.PARx.ZQ285Test" tests="8" failures="0" timestamp="10 Apr 2017 07:04:24 GMT" time="0.000" errors="0">
  <testcase name="Step04_onPharmacyPortalUpdatePAStatusToDenied" time="0.000" classname="com.zapprx.testing.end2endtests.regression.PARx.ZQ285Test">
    <skipped/>
  </testcase> <!-- Step04_onPharmacyPortalUpdatePAStatusToDenied -->
  <testcase name="Step05_loginPhysicianSavePAUnderAppeal" time="0.000" classname="com.zapprx.testing.end2endtests.regression.PARx.ZQ285Test">
    <skipped/>
  </testcase> <!-- Step05_loginPhysicianSavePAUnderAppeal -->
  <testcase name="Step01_loginAdminSelectManualWorkflowMode" time="0.000" classname="com.zapprx.testing.end2endtests.regression.PARx.ZQ285Test">
    <skipped/>
  </testcase> <!-- Step01_loginAdminSelectManualWorkflowMode -->
  <testcase name="Step08_onPharmacyPortalVerifyNewNotification" time="0.000" classname="com.zapprx.testing.end2endtests.regression.PARx.ZQ285Test">
    <skipped/>
  </testcase> <!-- Step08_onPharmacyPortalVerifyNewNotification -->
  <testcase name="Step03_completeRxAndSubmitPAToPARx" time="0.000" classname="com.zapprx.testing.end2endtests.regression.PARx.ZQ285Test">
    <skipped/>
  </testcase> <!-- Step03_completeRxAndSubmitPAToPARx -->
  <testcase name="Step07_loginPhysicianReSubmitPAUnderAppeal" time="0.000" classname="com.zapprx.testing.end2endtests.regression.PARx.ZQ285Test">
    <skipped/>
  </testcase> <!-- Step07_loginPhysicianReSubmitPAUnderAppeal -->
  <testcase name="Step06_onPharmacyPortalVerifyNewNotification" time="0.000" classname="com.zapprx.testing.end2endtests.regression.PARx.ZQ285Test">
    <skipped/>
  </testcase> <!-- Step06_onPharmacyPortalVerifyNewNotification -->
  <testcase name="Step02_loginPhysicianRegPatAndCompleteProfile" time="0.000" classname="com.zapprx.testing.end2endtests.regression.PARx.ZQ285Test">
    <skipped/>
  </testcase> <!-- Step02_loginPhysicianRegPatAndCompleteProfile -->
</testsuite> <!-- com.zapprx.testing.end2endtests.regression.PARx.ZQ285Test -->
