<?xml version="1.0" encoding="UTF-8"?>
<!-- Generated by org.testng.reporters.JUnitReportReporter -->
<testsuite skipped="6" hostname="LAB00W7FCA-15" name="com.zapprx.testing.end2endtests.regression.PARx.ZQ249Test" tests="6" failures="0" timestamp="10 Apr 2017 07:04:24 GMT" time="0.000" errors="0">
  <testcase name="Step05_presPatAuthorizeAndSubmitPA" time="0.000" classname="com.zapprx.testing.end2endtests.regression.PARx.ZQ249Test">
    <skipped/>
  </testcase> <!-- Step05_presPatAuthorizeAndSubmitPA -->
  <testcase name="Step04_onPharmacyPortalVerifyUserCanViewRxDetails" time="0.000" classname="com.zapprx.testing.end2endtests.regression.PARx.ZQ249Test">
    <skipped/>
  </testcase> <!-- Step04_onPharmacyPortalVerifyUserCanViewRxDetails -->
  <testcase name="Step01_loginAdminSelectManualWorkflowMode" time="0.000" classname="com.zapprx.testing.end2endtests.regression.PARx.ZQ249Test">
    <skipped/>
  </testcase> <!-- Step01_loginAdminSelectManualWorkflowMode -->
  <testcase name="Step06_onPharmacyPortalVerifyUserCanViewRxDetails" time="0.000" classname="com.zapprx.testing.end2endtests.regression.PARx.ZQ249Test">
    <skipped/>
  </testcase> <!-- Step06_onPharmacyPortalVerifyUserCanViewRxDetails -->
  <testcase name="Step03_capturePatConPresAuthorizeAndSubmitPA" time="0.000" classname="com.zapprx.testing.end2endtests.regression.PARx.ZQ249Test">
    <skipped/>
  </testcase> <!-- Step03_capturePatConPresAuthorizeAndSubmitPA -->
  <testcase name="Step02_registerPatientAndCompleteProfile" time="0.000" classname="com.zapprx.testing.end2endtests.regression.PARx.ZQ249Test">
    <skipped/>
  </testcase> <!-- Step02_registerPatientAndCompleteProfile -->
</testsuite> <!-- com.zapprx.testing.end2endtests.regression.PARx.ZQ249Test -->
