<?xml version="1.0" encoding="UTF-8"?>
<!-- Generated by org.testng.reporters.JUnitReportReporter -->
<testsuite hostname="asd1576po02037" name="com.zapprx.testing.end2endtests.regression.PrescriptionFlow.PAH.ZQ289Test" tests="3" failures="0" timestamp="4 Apr 2017 11:57:07 GMT" time="49.120" errors="0">
  <testcase name="Step01_registerPatientAndCompleteProfile" time="10.997" classname="com.zapprx.testing.end2endtests.regression.PrescriptionFlow.PAH.ZQ289Test"/>
  <testcase name="Step03_prescribeLetairisAndSelectBothDosageValue" time="18.555" classname="com.zapprx.testing.end2endtests.regression.PrescriptionFlow.PAH.ZQ289Test"/>
  <testcase name="Step02_prescribeAdempasAndSelectBothInitialDoses" time="19.568" classname="com.zapprx.testing.end2endtests.regression.PrescriptionFlow.PAH.ZQ289Test"/>
</testsuite> <!-- com.zapprx.testing.end2endtests.regression.PrescriptionFlow.PAH.ZQ289Test -->
