<?xml version="1.0" encoding="UTF-8"?>
<!-- Generated by org.testng.reporters.JUnitReportReporter -->
<testsuite hostname="asd1576po02037" name="com.zapprx.testing.end2endtests.regression.PrescriptionFlow.PAH.ZQ334Test" tests="3" failures="0" timestamp="3 Apr 2017 12:30:17 GMT" time="58.376" errors="0">
  <testcase name="Step02_prescribePatientAndAuthorize" time="31.959" classname="com.zapprx.testing.end2endtests.regression.PrescriptionFlow.PAH.ZQ334Test"/>
  <testcase name="Step01_registerPatientAndCompleteProfile" time="10.698" classname="com.zapprx.testing.end2endtests.regression.PrescriptionFlow.PAH.ZQ334Test"/>
  <testcase name="Step03_cancelRxAndVerifyCancelIconIsDisabled" time="15.719" classname="com.zapprx.testing.end2endtests.regression.PrescriptionFlow.PAH.ZQ334Test"/>
</testsuite> <!-- com.zapprx.testing.end2endtests.regression.PrescriptionFlow.PAH.ZQ334Test -->
