<?xml version="1.0" encoding="UTF-8"?>
<!-- Generated by org.testng.reporters.JUnitReportReporter -->
<testsuite hostname="asd1576po02037" name="com.zapprx.testing.end2endtests.regression.PrescriptionFlow.RA.ZQ95Test" tests="5" failures="0" timestamp="4 Apr 2017 12:00:05 GMT" time="87.987" errors="0">
  <testcase name="Step01_registerPatientAndCompleteProfile" time="11.105" classname="com.zapprx.testing.end2endtests.regression.PrescriptionFlow.RA.ZQ95Test"/>
  <testcase name="Step03_loginPharmacyAndRequestCorrection" time="17.833" classname="com.zapprx.testing.end2endtests.regression.PrescriptionFlow.RA.ZQ95Test"/>
  <testcase name="Step04_loginPhysicianAndEditDOB" time="19.038" classname="com.zapprx.testing.end2endtests.regression.PrescriptionFlow.RA.ZQ95Test"/>
  <testcase name="Step02_prescribePatientAndLogOut" time="21.242" classname="com.zapprx.testing.end2endtests.regression.PrescriptionFlow.RA.ZQ95Test"/>
  <testcase name="Step05_loginPharmacyAndVerifyUpdatedDate" time="18.769" classname="com.zapprx.testing.end2endtests.regression.PrescriptionFlow.RA.ZQ95Test"/>
</testsuite> <!-- com.zapprx.testing.end2endtests.regression.PrescriptionFlow.RA.ZQ95Test -->
