<?xml version="1.0" encoding="UTF-8"?>
<!-- Generated by org.testng.reporters.JUnitReportReporter -->
<testsuite hostname="asd1576po02037" name="com.zapprx.testing.end2endtests.regression.PrescriptionFlow.PAH.ZQ183Test" tests="4" failures="0" timestamp="4 Apr 2017 12:04:40 GMT" time="73.466" errors="0">
  <testcase name="Step01_registerPatientAndCompleteProfile" time="17.989" classname="com.zapprx.testing.end2endtests.regression.PrescriptionFlow.PAH.ZQ183Test"/>
  <testcase name="Step04_loginPatientVerifyInPatientValue" time="6.760" classname="com.zapprx.testing.end2endtests.regression.PrescriptionFlow.PAH.ZQ183Test"/>
  <testcase name="Step03_physicianPrescibeMedAndAuthorize" time="40.855" classname="com.zapprx.testing.end2endtests.regression.PrescriptionFlow.PAH.ZQ183Test"/>
  <testcase name="Step02_loginPatientAndModifyInPatient" time="7.862" classname="com.zapprx.testing.end2endtests.regression.PrescriptionFlow.PAH.ZQ183Test"/>
</testsuite> <!-- com.zapprx.testing.end2endtests.regression.PrescriptionFlow.PAH.ZQ183Test -->
