<?xml version="1.0" encoding="UTF-8"?>
<!-- Generated by org.testng.reporters.JUnitReportReporter -->
<testsuite hostname="asd1576po02037" name="com.zapprx.testing.end2endtests.regression.PrescriptionFlow.MultipleIndication.ZQ256Test" tests="4" failures="0" timestamp="4 Apr 2017 09:26:10 GMT" time="60.166" errors="0">
  <testcase name="Step01_loginWithMSPhysicianAndRegisterPat" time="9.889" classname="com.zapprx.testing.end2endtests.regression.PrescriptionFlow.MultipleIndication.ZQ256Test"/>
  <testcase name="Step03_loginWithPAHPhysicianAndRegisterFemalePat" time="8.540" classname="com.zapprx.testing.end2endtests.regression.PrescriptionFlow.MultipleIndication.ZQ256Test"/>
  <testcase name="Step02_completeRxForTechfideraCapturingPatConAtPatientDetailsStep" time="20.787" classname="com.zapprx.testing.end2endtests.regression.PrescriptionFlow.MultipleIndication.ZQ256Test"/>
  <testcase name="Step04_completeRxForAdempasCapturingPatConAtPatientDetailsStep" time="20.950" classname="com.zapprx.testing.end2endtests.regression.PrescriptionFlow.MultipleIndication.ZQ256Test"/>
</testsuite> <!-- com.zapprx.testing.end2endtests.regression.PrescriptionFlow.MultipleIndication.ZQ256Test -->
