<?xml version="1.0" encoding="UTF-8"?>
<!-- Generated by org.testng.reporters.JUnitReportReporter -->
<testsuite hostname="asd1576po02037" name="com.zapprx.testing.end2endtests.regression.PrescriptionFlow.IPF.ZQ323Test" tests="4" failures="0" timestamp="4 Apr 2017 09:17:44 GMT" time="40.164" errors="0">
  <testcase name="Step01_loginAdminSelectManualWorkflowMode" time="6.421" classname="com.zapprx.testing.end2endtests.regression.PrescriptionFlow.IPF.ZQ323Test"/>
  <testcase name="Step04_verifyQuantityOnPA" time="2.958" classname="com.zapprx.testing.end2endtests.regression.PrescriptionFlow.IPF.ZQ323Test"/>
  <testcase name="Step02_registerPatientAndCompleteProfile" time="17.748" classname="com.zapprx.testing.end2endtests.regression.PrescriptionFlow.IPF.ZQ323Test"/>
  <testcase name="Step03_prescribeAndCheckTitOrderMainOrderStartNow" time="13.037" classname="com.zapprx.testing.end2endtests.regression.PrescriptionFlow.IPF.ZQ323Test"/>
</testsuite> <!-- com.zapprx.testing.end2endtests.regression.PrescriptionFlow.IPF.ZQ323Test -->
