<?xml version="1.0" encoding="UTF-8"?>
<!-- Generated by org.testng.reporters.JUnitReportReporter -->
<testsuite hostname="asd1576po02037" name="com.zapprx.testing.end2endtests.regression.PrescriptionFlow.PAH.ZQ296Test" tests="3" failures="0" timestamp="4 Apr 2017 09:18:51 GMT" time="28.810" errors="0">
  <testcase name="Step02_prescribePatientAndSelectMultipleDoseOptions" time="15.205" classname="com.zapprx.testing.end2endtests.regression.PrescriptionFlow.PAH.ZQ296Test"/>
  <testcase name="Step01_registerPatientAndCompleteProfile" time="11.010" classname="com.zapprx.testing.end2endtests.regression.PrescriptionFlow.PAH.ZQ296Test"/>
  <testcase name="Step03_verifyDoseOptionIsChecked" time="2.595" classname="com.zapprx.testing.end2endtests.regression.PrescriptionFlow.PAH.ZQ296Test"/>
</testsuite> <!-- com.zapprx.testing.end2endtests.regression.PrescriptionFlow.PAH.ZQ296Test -->
