<?xml version="1.0" encoding="UTF-8"?>
<!-- Generated by org.testng.reporters.JUnitReportReporter -->
<testsuite hostname="asd1576po02037" name="com.zapprx.testing.end2endtests.regression.PrescriptionFlow.RA.ZQ200Test" tests="3" failures="0" timestamp="3 Apr 2017 12:42:10 GMT" time="49.625" errors="0">
  <testcase name="Step02_prescribeMedication_editRefillValue" time="22.147" classname="com.zapprx.testing.end2endtests.regression.PrescriptionFlow.RA.ZQ200Test"/>
  <testcase name="Step01_registerPatientAndCompleteProfile" time="10.950" classname="com.zapprx.testing.end2endtests.regression.PrescriptionFlow.RA.ZQ200Test"/>
  <testcase name="Step03_verifyUpdatedRefillValue" time="16.528" classname="com.zapprx.testing.end2endtests.regression.PrescriptionFlow.RA.ZQ200Test"/>
</testsuite> <!-- com.zapprx.testing.end2endtests.regression.PrescriptionFlow.RA.ZQ200Test -->
