<?xml version="1.0" encoding="UTF-8"?>
<!-- Generated by org.testng.reporters.JUnitReportReporter -->
<testsuite hostname="asd1576po02037" name="com.zapprx.testing.end2endtests.regression.PARx.ZQ274Test" tests="3" failures="0" timestamp="4 Apr 2017 12:01:27 GMT" time="44.893" errors="0">
  <testcase name="Step01_loginAdminSelectManualWorkflowMode" time="7.572" classname="com.zapprx.testing.end2endtests.regression.PARx.ZQ274Test"/>
  <testcase name="Step02_registerPatientAndCompleteProfile" time="18.121" classname="com.zapprx.testing.end2endtests.regression.PARx.ZQ274Test"/>
  <testcase name="Step03_presPatAddAdditionalMedAndVerifyPAForm" time="19.200" classname="com.zapprx.testing.end2endtests.regression.PARx.ZQ274Test"/>
</testsuite> <!-- com.zapprx.testing.end2endtests.regression.PARx.ZQ274Test -->
