<?xml version="1.0" encoding="UTF-8"?>
<!-- Generated by org.testng.reporters.JUnitReportReporter -->
<testsuite hostname="asd1576po02037" name="com.zapprx.testing.end2endtests.regression.PrescriptionFlow.PAH.ZQ257Test" tests="2" failures="0" timestamp="3 Apr 2017 11:46:22 GMT" time="35.750" errors="0">
  <testcase name="Step01_registerPatientAndCompleteProfile" time="11.494" classname="com.zapprx.testing.end2endtests.regression.PrescriptionFlow.PAH.ZQ257Test"/>
  <testcase name="Step02_presPatAndVerifyAuthSuccessMsg" time="24.256" classname="com.zapprx.testing.end2endtests.regression.PrescriptionFlow.PAH.ZQ257Test"/>
</testsuite> <!-- com.zapprx.testing.end2endtests.regression.PrescriptionFlow.PAH.ZQ257Test -->
