<?xml version="1.0" encoding="UTF-8"?>
<!-- Generated by org.testng.reporters.JUnitReportReporter -->
<testsuite hostname="asd1576po02037" name="com.zapprx.testing.end2endtests.regression.PARx.RX2208Test" tests="3" failures="0" timestamp="4 Apr 2017 11:54:37 GMT" time="50.579" errors="0">
  <testcase name="Step01_loginAdminSelectManualWorkflowMode" time="8.530" classname="com.zapprx.testing.end2endtests.regression.PARx.RX2208Test"/>
  <testcase name="Step02_registerPatientAndCompleteProfile" time="23.510" classname="com.zapprx.testing.end2endtests.regression.PARx.RX2208Test"/>
  <testcase name="Step03_completeRxAndVerifyPAFormIsDisplayed" time="18.539" classname="com.zapprx.testing.end2endtests.regression.PARx.RX2208Test"/>
</testsuite> <!-- com.zapprx.testing.end2endtests.regression.PARx.RX2208Test -->
