<?xml version="1.0" encoding="UTF-8"?>
<!-- Generated by org.testng.reporters.JUnitReportReporter -->
<testsuite hostname="asd1576po02037" name="com.zapprx.testing.end2endtests.regression.PARx.ZQ324Test" tests="4" failures="0" timestamp="4 Apr 2017 11:42:31 GMT" time="46.868" errors="0">
  <testcase name="Step04_verifyQuantityAppearingOnceOnPA" time="3.011" classname="com.zapprx.testing.end2endtests.regression.PARx.ZQ324Test"/>
  <testcase name="Step01_loginAdminSelectManualWorkflowMode" time="7.684" classname="com.zapprx.testing.end2endtests.regression.PARx.ZQ324Test"/>
  <testcase name="Step02_registerPatientAndCompleteProfile" time="20.476" classname="com.zapprx.testing.end2endtests.regression.PARx.ZQ324Test"/>
  <testcase name="Step03_prescribeAndCheckTitOrderMainOrderStartNow" time="15.697" classname="com.zapprx.testing.end2endtests.regression.PARx.ZQ324Test"/>
</testsuite> <!-- com.zapprx.testing.end2endtests.regression.PARx.ZQ324Test -->
